<?xml version="1.0" encoding="UTF-8"?>
<!-- Generated by org.testng.reporters.JUnitXMLReporter -->
<testsuite ignored="0" hostname="DESKTOP-A49CF4I" failures="1" tests="5" name="Test" time="0.153" errors="0" timestamp="2020-01-21T12:59:57 EST">
  <testcase classname="sdet_InRhytm.DriverTest" name="unitTest_1_multiplewords" time="0.023"/>
  <testcase classname="sdet_InRhytm.DriverTest" name="unitTest_2_singleword" time="0.002"/>
  <testcase classname="sdet_InRhytm.DriverTest" name="unitTest_3_oneword" time="0.005"/>
  <testcase classname="sdet_InRhytm.DriverTest" name="unitTest_4_alphanumeric" time="0.007">
    <failure type="java.lang.AssertionError" message="did not expect to find [true] but found [false]">
      <![CDATA[java.lang.AssertionError: did not expect to find [true] but found [false]
at sdet_InRhytm.DriverTest.unitTest_4_alphanumeric(DriverTest.java:42)
at java.base/java.util.ArrayList.forEach(ArrayList.java:1507)
... Removed 31 stack frames]]>
    </failure>
  </testcase> <!-- unitTest_4_alphanumeric -->
  <testcase classname="sdet_InRhytm.DriverTest" name="unitTest_4_specialChars" time="0.017"/>
</testsuite> <!-- Test -->
