<?xml version="1.0" encoding="UTF-8"?>
<testng-results ignored="0" total="5" passed="4" failed="1" skipped="0">
  <reporter-output>
  </reporter-output>
  <suite started-at="2020-01-21T12:59:57 EST" name="Suite" finished-at="2020-01-21T12:59:57 EST" duration-ms="153">
    <groups>
    </groups>
    <test started-at="2020-01-21T12:59:57 EST" name="Test" finished-at="2020-01-21T12:59:57 EST" duration-ms="153">
      <class name="sdet_InRhytm.DriverTest">
        <test-method signature="unitTest_1_multiplewords()[pri:0, instance:sdet_InRhytm.DriverTest@143640d5]" started-at="2020-01-21T12:59:57 EST" name="unitTest_1_multiplewords" finished-at="2020-01-21T12:59:57 EST" duration-ms="23" status="PASS">
          <reporter-output>
          </reporter-output>
        </test-method> <!-- unitTest_1_multiplewords -->
        <test-method signature="unitTest_2_singleword()[pri:0, instance:sdet_InRhytm.DriverTest@143640d5]" started-at="2020-01-21T12:59:57 EST" name="unitTest_2_singleword" finished-at="2020-01-21T12:59:57 EST" duration-ms="2" status="PASS">
          <reporter-output>
          </reporter-output>
        </test-method> <!-- unitTest_2_singleword -->
        <test-method signature="unitTest_3_oneword()[pri:0, instance:sdet_InRhytm.DriverTest@143640d5]" started-at="2020-01-21T12:59:57 EST" name="unitTest_3_oneword" finished-at="2020-01-21T12:59:57 EST" duration-ms="5" status="PASS">
          <reporter-output>
          </reporter-output>
        </test-method> <!-- unitTest_3_oneword -->
        <test-method signature="unitTest_4_alphanumeric()[pri:0, instance:sdet_InRhytm.DriverTest@143640d5]" started-at="2020-01-21T12:59:57 EST" name="unitTest_4_alphanumeric" finished-at="2020-01-21T12:59:57 EST" duration-ms="7" status="FAIL">
          <exception class="java.lang.AssertionError">
            <message>
              <![CDATA[did not expect to find [true] but found [false]]]>
            </message>
            <full-stacktrace>
              <![CDATA[java.lang.AssertionError: did not expect to find [true] but found [false]
at org.testng.Assert.fail(Assert.java:97)
at org.testng.Assert.failNotEquals(Assert.java:969)
at org.testng.Assert.assertTrue(Assert.java:43)
at org.testng.Assert.assertTrue(Assert.java:53)
at sdet_InRhytm.DriverTest.unitTest_4_alphanumeric(DriverTest.java:42)
at java.base/jdk.internal.reflect.NativeMethodAccessorImpl.invoke0(Native Method)
at java.base/jdk.internal.reflect.NativeMethodAccessorImpl.invoke(NativeMethodAccessorImpl.java:62)
at java.base/jdk.internal.reflect.DelegatingMethodAccessorImpl.invoke(DelegatingMethodAccessorImpl.java:43)
at java.base/java.lang.reflect.Method.invoke(Method.java:567)
at org.testng.internal.MethodInvocationHelper.invokeMethod(MethodInvocationHelper.java:133)
at org.testng.internal.TestInvoker.invokeMethod(TestInvoker.java:584)
at org.testng.internal.TestInvoker.invokeTestMethod(TestInvoker.java:172)
at org.testng.internal.MethodRunner.runInSequence(MethodRunner.java:46)
at org.testng.internal.TestInvoker$MethodInvocationAgent.invoke(TestInvoker.java:804)
at org.testng.internal.TestInvoker.invokeTestMethods(TestInvoker.java:145)
at org.testng.internal.TestMethodWorker.invokeTestMethods(TestMethodWorker.java:146)
at org.testng.internal.TestMethodWorker.run(TestMethodWorker.java:128)
at java.base/java.util.ArrayList.forEach(ArrayList.java:1507)
at org.testng.TestRunner.privateRun(TestRunner.java:770)
at org.testng.TestRunner.run(TestRunner.java:591)
at org.testng.SuiteRunner.runTest(SuiteRunner.java:402)
at org.testng.SuiteRunner.runSequentially(SuiteRunner.java:396)
at org.testng.SuiteRunner.privateRun(SuiteRunner.java:355)
at org.testng.SuiteRunner.run(SuiteRunner.java:304)
at org.testng.SuiteRunnerWorker.runSuite(SuiteRunnerWorker.java:53)
at org.testng.SuiteRunnerWorker.run(SuiteRunnerWorker.java:96)
at org.testng.TestNG.runSuitesSequentially(TestNG.java:1180)
at org.testng.TestNG.runSuitesLocally(TestNG.java:1102)
at org.testng.TestNG.runSuites(TestNG.java:1032)
at org.testng.TestNG.run(TestNG.java:1000)
at org.testng.remote.AbstractRemoteTestNG.run(AbstractRemoteTestNG.java:115)
at org.testng.remote.RemoteTestNG.initAndRun(RemoteTestNG.java:251)
at org.testng.remote.RemoteTestNG.main(RemoteTestNG.java:77)
]]>
            </full-stacktrace>
          </exception> <!-- java.lang.AssertionError -->
          <reporter-output>
          </reporter-output>
        </test-method> <!-- unitTest_4_alphanumeric -->
        <test-method signature="unitTest_4_specialChars()[pri:0, instance:sdet_InRhytm.DriverTest@143640d5]" started-at="2020-01-21T12:59:57 EST" name="unitTest_4_specialChars" finished-at="2020-01-21T12:59:57 EST" duration-ms="17" status="PASS">
          <reporter-output>
          </reporter-output>
        </test-method> <!-- unitTest_4_specialChars -->
      </class> <!-- sdet_InRhytm.DriverTest -->
    </test> <!-- Test -->
  </suite> <!-- Suite -->
</testng-results>
